Logger started at: Friday, September 19, 2014 11:19:36 PM EDT
Component: com.aptana.js.debug.core.v8
Version: 3.0.0.1386497541
[19:49.820] Recv: >1411183189820*version<
[19:49.820] Sent: >32*1411183189820*1*3.0.0.1386497541<
[19:49.821] Recv: >1411183189821*option*monitorXHR*true<
[19:49.821] Sent: >42*1411183189821*!unknown option <monitorXHR><
[19:49.821] Recv: >1411183189822*option*stepFiltersEnabled*false<
[19:49.821] Sent: >50*1411183189822*!unknown option <stepFiltersEnabled><
[19:49.822] Recv: >1411183189823*option*suspendOnFirstLine*false<
[19:49.822] Sent: >13*1411183189823<
[19:49.822] Recv: >1411183189824*option*suspendOnExceptions*false<
[19:49.862] Sent: >13*1411183189824<
[19:49.863] Recv: >1411183189825*option*suspendOnErrors*true<
[19:49.921] Sent: >13*1411183189825<
[19:49.922] Recv: >1411183189826*option*suspendOnKeywords*true<
[19:49.922] Sent: >13*1411183189826<
[19:49.922] Recv: >1411183189827*option*bypassConstructors*false<
[19:49.922] Sent: >50*1411183189827*!unknown option <bypassConstructors><
[19:49.922] Recv: >1411183189828*option*stepFiltersEnabled*false<
[19:49.922] Sent: >50*1411183189828*!unknown option <stepFiltersEnabled><
[19:49.923] Recv: >1411183189829*detailFormatters<
[19:49.923] Sent: >13*1411183189829<
[19:49.923] Recv: >1411183189830*enable<
[19:49.923] Sent: >13*resumed*start<
[19:49.923] Sent: >13*1411183189830<
[19:49.925] Sent: >46*scripts*created*1|ti:/webview.js|anonymous|1|1<
[19:49.925] Sent: >48*scripts*created*2|ti:/bootstrap.js|anonymous|1|1<
[19:49.925] Sent: >44*scripts*created*3|ti:/kroll.js|anonymous|1|1<
[19:49.925] Sent: >47*scripts*created*4|ti:/titanium.js|anonymous|1|1<
[19:49.925] Sent: >49*scripts*created*5|ti:/properties.js|anonymous|1|1<
[19:49.925] Sent: >45*scripts*created*6|ti:/events.js|anonymous|1|1<
[19:49.925] Sent: >41*scripts*created*7|ti:/ui.js|anonymous|1|1<
[19:49.926] Sent: >47*scripts*created*8|ti:/tabgroup.js|anonymous|1|1<
[19:49.926] Sent: >46*scripts*created*9|ti:/console.js|anonymous|1|1<
[19:49.926] Sent: >44*scripts*created*10|ti:/path.js|anonymous|1|1<
[19:49.926] Sent: >47*scripts*created*11|ti:/invoker.js|anonymous|1|1<
[19:49.926] Sent: >43*scripts*created*12|ti:/tab.js|anonymous|1|1<
[19:49.926] Sent: >43*scripts*created*13|ti:/url.js|anonymous|1|1<
[19:49.926] Sent: >50*scripts*created*14|ti:/httpclient.js|anonymous|1|1<
[19:49.926] Sent: >48*scripts*created*15|ti:/listview.js|anonymous|1|1<
[19:49.926] Sent: >47*scripts*created*16|ti:/network.js|anonymous|1|1<
[19:49.926] Sent: >46*scripts*created*17|ti:/window.js|anonymous|1|1<
[19:49.926] Sent: >46*scripts*created*18|ti:/module.js|anonymous|1|1<
[19:50.69] Sent: >46*scripts*created*19|app:///app.js|anonymous|1|1<
[19:50.414] Sent: >53*scripts*created*20|app:///operations.js|anonymous|1|1<
----------End of file----------
