Logger started at: Wednesday, September 10, 2014 8:12:33 PM EDT
Component: com.appcelerator.titanium.ios.core
Version: 1.0.0.1401409521
[12:33.766] Sent: >21*1410394353759*version<
[12:33.767] Recv: >1410394353759*2*3.3.0<
[12:33.768] Sent: >20*1410394353760*update<
[12:33.769] Recv: >1410394353760*3.3.0<
[12:33.769] Sent: >45*1410394353761*option*stepFiltersEnabled*false<
[12:33.770] Recv: >1410394353761<
[12:33.770] Sent: >36*1410394353762*option*monitorXHR*true<
[12:33.770] Recv: >1410394353762<
[12:33.771] Sent: >45*1410394353763*option*suspendOnFirstLine*false<
[12:33.777] Recv: >1410394353763<
[12:33.777] Sent: >46*1410394353764*option*suspendOnExceptions*false<
[12:33.778] Recv: >1410394353764<
[12:33.778] Sent: >41*1410394353765*option*suspendOnErrors*true<
[12:33.779] Recv: >1410394353765<
[12:33.779] Sent: >43*1410394353766*option*suspendOnKeywords*true<
[12:33.780] Recv: >1410394353766<
[12:33.781] Sent: >45*1410394353767*option*bypassConstructors*false<
[12:33.781] Recv: >1410394353767<
[12:33.781] Sent: >45*1410394353768*option*stepFiltersEnabled*false<
[12:33.782] Recv: >1410394353768<
[12:33.782] Sent: >30*1410394353769*detailFormatters<
[12:33.782] Recv: >1410394353769<
[12:33.783] Sent: >20*1410394353770*enable<
[12:33.783] Recv: >1410394353770<
[12:33.787] Recv: >threads*created*0*kroll$1<
[12:33.808] Recv: >log*out*[DEBUG] Loading: /Users/philipcanniff/Library/Application Support/iPhone Simulator/7.1/Applications/D68D1281-1C25-4C95-A1A0-A55C3CDE2BB4/About Me.app/app.js, Resource: app_js<
[12:33.809] Recv: >scripts*created*332454400|app:/app.js||1|162<
[12:33.810] Recv: >resumed*0*started<
[12:33.810] Recv: >log*out*[DEBUG] Loading: /Users/philipcanniff/Library/Application Support/iPhone Simulator/7.1/Applications/D68D1281-1C25-4C95-A1A0-A55C3CDE2BB4/About Me.app/_app_props_.json, Resource: _app_props__json<
[12:33.884] Recv: >log*out*[DEBUG] Application booted in 159.310997 ms<
----------End of file----------
